Using pre-set license
Built from '2020.3/staging' branch; Version is '2020.3.26f1 (7298b473bc1a) revision 7510196'; Using compiler version '192528614'; Build Type 'Release'
OS: 'Windows 10  (10.0.19042) 64bit Enterprise' Language: 'en' Physical Memory: 32581 MB
BatchMode: 1, IsHumanControllingUs: 0, StartBugReporterOnCrash: 0, Is64bit: 1, IsPro: 0

COMMAND LINE ARGUMENTS:
C:\Program Files\Unity\Hub\Editor\2020.3.26f1\Editor\Unity.exe
-adb2
-batchMode
-noUpm
-name
AssetImportWorker0
-projectPath
C:/Users/Justin/Documents/Game/MULT152/JDavenport_IndependentProject
-logFile
Logs/AssetImportWorker0.log
-srvPort
64514
Successfully changed project path to: C:/Users/Justin/Documents/Game/MULT152/JDavenport_IndependentProject
C:/Users/Justin/Documents/Game/MULT152/JDavenport_IndependentProject
Using Asset Import Pipeline V2.
Refreshing native plugins compatible for Editor in 53.21 ms, found 2 plugins.
Preloading 0 native plugins for Editor in 0.00 ms.
Initialize engine version: 2020.3.26f1 (7298b473bc1a)
[Subsystems] Discovering subsystems at path C:/Program Files/Unity/Hub/Editor/2020.3.26f1/Editor/Data/Resources/UnitySubsystems
[Subsystems] Discovering subsystems at path C:/Users/Justin/Documents/Game/MULT152/JDavenport_IndependentProject/Assets
GfxDevice: creating device client; threaded=0
Direct3D:
    Version:  Direct3D 11.0 [level 11.1]
    Renderer: NVIDIA GeForce RTX 3090 (ID=0x2204)
    Vendor:   
    VRAM:     24348 MB
    Driver:   30.0.15.1259
Initialize mono
Mono path[0] = 'C:/Program Files/Unity/Hub/Editor/2020.3.26f1/Editor/Data/Managed'
Mono path[1] = 'C:/Program Files/Unity/Hub/Editor/2020.3.26f1/Editor/Data/MonoBleedingEdge/lib/mono/unityjit'
Mono config path = 'C:/Program Files/Unity/Hub/Editor/2020.3.26f1/Editor/Data/MonoBleedingEdge/etc'
Using monoOptions --debugger-agent=transport=dt_socket,embedding=1,server=y,suspend=n,address=127.0.0.1:56000
Begin MonoManager ReloadAssembly
Registering precompiled unity dll's ...
Register platform support module: C:/Program Files/Unity/Hub/Editor/2020.3.26f1/Editor/Data/PlaybackEngines/WebGLSupport/UnityEditor.WebGL.Extensions.dll
Register platform support module: C:/Program Files/Unity/Hub/Editor/2020.3.26f1/Editor/Data/PlaybackEngines/WindowsStandaloneSupport/UnityEditor.WindowsStandalone.Extensions.dll
Registered in 0.002460 seconds.
Native extension for WindowsStandalone target not found
Native extension for WebGL target not found
Refreshing native plugins compatible for Editor in 51.48 ms, found 2 plugins.
Preloading 0 native plugins for Editor in 0.00 ms.
Mono: successfully reloaded assembly
- Completed reload, in  0.591 seconds
Domain Reload Profiling:
	ReloadAssembly (591ms)
		BeginReloadAssembly (53ms)
			ExecutionOrderSort (0ms)
			DisableScriptedObjects (0ms)
			BackupInstance (0ms)
			ReleaseScriptingObjects (0ms)
			CreateAndSetChildDomain (1ms)
		EndReloadAssembly (465ms)
			LoadAssemblies (51ms)
			RebuildTransferFunctionScriptingTraits (0ms)
			SetupTypeCache (141ms)
			ReleaseScriptCaches (0ms)
			RebuildScriptCaches (29ms)
			SetupLoadedEditorAssemblies (190ms)
				LogAssemblyErrors (0ms)
				InitializePlatformSupportModulesInManaged (5ms)
				SetLoadedEditorAssemblies (0ms)
				RefreshPlugins (52ms)
				BeforeProcessingInitializeOnLoad (17ms)
				ProcessInitializeOnLoadAttributes (86ms)
				ProcessInitializeOnLoadMethodAttributes (29ms)
				AfterProcessingInitializeOnLoad (0ms)
				EditorAssembliesLoaded (0ms)
			ExecutionOrderSort2 (0ms)
			AwakeInstancesAfterBackupRestoration (0ms)
Platform modules already initialized, skipping
Registering precompiled user dll's ...
Registered in 0.005010 seconds.
Begin MonoManager ReloadAssembly
Native extension for WindowsStandalone target not found
Native extension for WebGL target not found
Refreshing native plugins compatible for Editor in 0.49 ms, found 2 plugins.
Preloading 0 native plugins for Editor in 0.00 ms.
Mono: successfully reloaded assembly
- Completed reload, in  1.007 seconds
Domain Reload Profiling:
	ReloadAssembly (1008ms)
		BeginReloadAssembly (125ms)
			ExecutionOrderSort (0ms)
			DisableScriptedObjects (6ms)
			BackupInstance (0ms)
			ReleaseScriptingObjects (0ms)
			CreateAndSetChildDomain (15ms)
		EndReloadAssembly (822ms)
			LoadAssemblies (77ms)
			RebuildTransferFunctionScriptingTraits (0ms)
			SetupTypeCache (271ms)
			ReleaseScriptCaches (0ms)
			RebuildScriptCaches (46ms)
			SetupLoadedEditorAssemblies (326ms)
				LogAssemblyErrors (0ms)
				InitializePlatformSupportModulesInManaged (6ms)
				SetLoadedEditorAssemblies (0ms)
				RefreshPlugins (1ms)
				BeforeProcessingInitializeOnLoad (87ms)
				ProcessInitializeOnLoadAttributes (216ms)
				ProcessInitializeOnLoadMethodAttributes (10ms)
				AfterProcessingInitializeOnLoad (6ms)
				EditorAssembliesLoaded (0ms)
			ExecutionOrderSort2 (0ms)
			AwakeInstancesAfterBackupRestoration (6ms)
Platform modules already initialized, skipping
========================================================================
Worker process is ready to serve import requests
Launched and connected shader compiler UnityShaderCompiler.exe after 0.05 seconds
Refreshing native plugins compatible for Editor in 0.50 ms, found 2 plugins.
Preloading 0 native plugins for Editor in 0.00 ms.
Unloading 1908 Unused Serialized files (Serialized files now loaded: 0)
System memory in use before: 120.5 MB.
System memory in use after: 120.2 MB.

Unloading 24 unused Assets to reduce memory usage. Loaded Objects now: 2370.
Total: 3.176200 ms (FindLiveObjects: 0.255500 ms CreateObjectMapping: 0.120100 ms MarkObjects: 2.477900 ms  DeleteObjects: 0.320900 ms)

AssetImportParameters requested are different than current active one (requested -> active):
  custom:framework-win-MediaFoundation: 216162199b28c13a410421893ffa2e32 -> 
  custom:video-decoder-ogg-theora: a1e56fd34408186e4bbccfd4996cb3dc -> 
  custom:container-muxer-webm: aa71ff27fc2769a1b78a27578f13a17b -> 
  custom:container-demuxer-webm: 4f35f7cbe854078d1ac9338744f61a02 -> 
  custom:container-demuxer-ogg: 62fdf1f143b41e24485cea50d1cbac27 -> 
  custom:video-encoder-webm-vp8: eb34c28f22e8b96e1ab97ce403110664 -> 
  custom:video-decoder-webm-vp8: 9c59270c3fd7afecdb556c50c9e8de78 -> 
  custom:audio-decoder-ogg-vorbis: bf7c407c2cedff20999df2af8eb42d56 -> 
  custom:audio-encoder-webm-vorbis: bf7c407c2cedff20999df2af8eb42d56 -> 
========================================================================
Received Import Request.
  path: Assets/Blink/Art/Weapons/LowPoly/FreeRPGWeapons/Staff
  artifactKey: Guid(4c5e6cde31d38064bb2d58eb444294df) Importer(815301076,1909f56bfc062723c751e8b465ee728b)
Start importing Assets/Blink/Art/Weapons/LowPoly/FreeRPGWeapons/Staff using Guid(4c5e6cde31d38064bb2d58eb444294df) Importer(815301076,1909f56bfc062723c751e8b465ee728b)  -> (artifact id: '2b2378b0c2283ad791337b6e75432dc2') in 0.007815 seconds 
  Import took 0.010506 seconds .

========================================================================
Received Import Request.
  Time since last request: 0.000140 seconds.
  path: Assets/Blink/Art/Weapons/LowPoly/FreeRPGWeapons/Staff/Staff_Textures/Staff_Medium_Normal.png
  artifactKey: Guid(9dca28d20a9ed32499df120b29e76bcf) Importer(815301076,1909f56bfc062723c751e8b465ee728b)
Start importing Assets/Blink/Art/Weapons/LowPoly/FreeRPGWeapons/Staff/Staff_Textures/Staff_Medium_Normal.png using Guid(9dca28d20a9ed32499df120b29e76bcf) Importer(815301076,1909f56bfc062723c751e8b465ee728b)  -> (artifact id: '7be13f9990143e483e6bf9a1bd6d0f93') in 0.098348 seconds 
  Import took 0.100860 seconds .

========================================================================
Received Import Request.
  Time since last request: 0.000155 seconds.
  path: Assets/Blink/Art/Weapons/LowPoly/FreeRPGWeapons/Staff/Staff_Textures/Staff_Epic_Emission2.png
  artifactKey: Guid(7fd9830b7867c2649925fe604661fed1) Importer(815301076,1909f56bfc062723c751e8b465ee728b)
Start importing Assets/Blink/Art/Weapons/LowPoly/FreeRPGWeapons/Staff/Staff_Textures/Staff_Epic_Emission2.png using Guid(7fd9830b7867c2649925fe604661fed1) Importer(815301076,1909f56bfc062723c751e8b465ee728b)  -> (artifact id: '57f80af8cb5571f43c13b9d8a18e048a') in 0.010254 seconds 
  Import took 0.012712 seconds .

========================================================================
Received Import Request.
  Time since last request: 0.000135 seconds.
  path: Assets/Blink/Art/Weapons/LowPoly/FreeRPGWeapons/Staff/Staff_Textures/Staff_Epic_BaseColor.png
  artifactKey: Guid(a2a432064ac343f4e8c58601a01d728d) Importer(815301076,1909f56bfc062723c751e8b465ee728b)
Start importing Assets/Blink/Art/Weapons/LowPoly/FreeRPGWeapons/Staff/Staff_Textures/Staff_Epic_BaseColor.png using Guid(a2a432064ac343f4e8c58601a01d728d) Importer(815301076,1909f56bfc062723c751e8b465ee728b)  -> (artifact id: 'bc8e15163f1dafaba232b35b9abfaada') in 0.009918 seconds 
  Import took 0.013073 seconds .

========================================================================
Received Import Request.
  Time since last request: 0.000131 seconds.
  path: Assets/Blink/Art/Weapons/LowPoly/FreeRPGWeapons/Staff/Staff_Textures/Staff_Basic_BaseColor.png
  artifactKey: Guid(a2f7b41abb255544ca2d57d95138a571) Importer(815301076,1909f56bfc062723c751e8b465ee728b)
Start importing Assets/Blink/Art/Weapons/LowPoly/FreeRPGWeapons/Staff/Staff_Textures/Staff_Basic_BaseColor.png using Guid(a2f7b41abb255544ca2d57d95138a571) Importer(815301076,1909f56bfc062723c751e8b465ee728b)  -> (artifact id: '01e735e51115137c044cc7281c2cab16') in 0.013439 seconds 
  Import took 0.015832 seconds .

========================================================================
Received Import Request.
  Time since last request: 0.000149 seconds.
  path: Assets/Blink/Art/Weapons/LowPoly/FreeRPGWeapons/Staff/Staff_Textures/Staff_Basic_Normal.png
  artifactKey: Guid(1498ce9f77caffa46b40b05f8e60089f) Importer(815301076,1909f56bfc062723c751e8b465ee728b)
Start importing Assets/Blink/Art/Weapons/LowPoly/FreeRPGWeapons/Staff/Staff_Textures/Staff_Basic_Normal.png using Guid(1498ce9f77caffa46b40b05f8e60089f) Importer(815301076,1909f56bfc062723c751e8b465ee728b)  -> (artifact id: '22252f94e893a9303f9df770ee8a1611') in 0.017753 seconds 
  Import took 0.020413 seconds .

========================================================================
Received Import Request.
  Time since last request: 0.000172 seconds.
  path: Assets/Blink/Art/Weapons/LowPoly/FreeRPGWeapons/Staff/Staff_Textures/Staff_Epic_MetallicSmoothness.png
  artifactKey: Guid(6412bee6c25d63c459b2134d20e365f6) Importer(815301076,1909f56bfc062723c751e8b465ee728b)
Start importing Assets/Blink/Art/Weapons/LowPoly/FreeRPGWeapons/Staff/Staff_Textures/Staff_Epic_MetallicSmoothness.png using Guid(6412bee6c25d63c459b2134d20e365f6) Importer(815301076,1909f56bfc062723c751e8b465ee728b)  -> (artifact id: 'f007c5c1e2def345e12c493091f46232') in 0.010457 seconds 
  Import took 0.013029 seconds .

========================================================================
Received Import Request.
  Time since last request: 0.000142 seconds.
  path: Assets/Blink/Art/Weapons/LowPoly/FreeRPGWeapons/Staff/Staff_Textures/Staff_Basic_MetallicSmoothness.png
  artifactKey: Guid(0f10caa92ffe07f4fab8cf787329e818) Importer(815301076,1909f56bfc062723c751e8b465ee728b)
Start importing Assets/Blink/Art/Weapons/LowPoly/FreeRPGWeapons/Staff/Staff_Textures/Staff_Basic_MetallicSmoothness.png using Guid(0f10caa92ffe07f4fab8cf787329e818) Importer(815301076,1909f56bfc062723c751e8b465ee728b)  -> (artifact id: 'b656cbc203403b3705d6b0d65cb9de56') in 0.016517 seconds 
  Import took 0.019338 seconds .

========================================================================
Received Import Request.
  Time since last request: 0.000152 seconds.
  path: Assets/Blink/Art/Weapons/LowPoly/FreeRPGWeapons/Staff/Staff_Textures/Staff_Medium_MetallicSmoothness.png
  artifactKey: Guid(47ca44d8f98151b49a77e2b6e1052089) Importer(815301076,1909f56bfc062723c751e8b465ee728b)
Start importing Assets/Blink/Art/Weapons/LowPoly/FreeRPGWeapons/Staff/Staff_Textures/Staff_Medium_MetallicSmoothness.png using Guid(47ca44d8f98151b49a77e2b6e1052089) Importer(815301076,1909f56bfc062723c751e8b465ee728b)  -> (artifact id: 'cafa5024813b43c31bed9c2723952e1c') in 0.015205 seconds 
  Import took 0.017773 seconds .

========================================================================
Received Import Request.
  Time since last request: 0.000156 seconds.
  path: Assets/Blink/Art/Weapons/LowPoly/FreeRPGWeapons/Staff/Staff_Textures/Staff_Epic_Emission.png
  artifactKey: Guid(64fe4692d5f01e24f8ebac1000ba4c14) Importer(815301076,1909f56bfc062723c751e8b465ee728b)
Start importing Assets/Blink/Art/Weapons/LowPoly/FreeRPGWeapons/Staff/Staff_Textures/Staff_Epic_Emission.png using Guid(64fe4692d5f01e24f8ebac1000ba4c14) Importer(815301076,1909f56bfc062723c751e8b465ee728b)  -> (artifact id: '65083837de29fcfeb64f6f7fbfcfdcde') in 0.015984 seconds 
  Import took 0.018663 seconds .

========================================================================
Received Import Request.
  Time since last request: 0.000181 seconds.
  path: Assets/Blink/Art/Weapons/LowPoly/FreeRPGWeapons/Staff/Staff_Textures/Staff_Epic_Normal.png
  artifactKey: Guid(491e0208e4db1d740b8f11f4a2e09e10) Importer(815301076,1909f56bfc062723c751e8b465ee728b)
Start importing Assets/Blink/Art/Weapons/LowPoly/FreeRPGWeapons/Staff/Staff_Textures/Staff_Epic_Normal.png using Guid(491e0208e4db1d740b8f11f4a2e09e10) Importer(815301076,1909f56bfc062723c751e8b465ee728b)  -> (artifact id: '4490f8dd843541adf23fd50003ca744b') in 0.010224 seconds 
  Import took 0.012833 seconds .

========================================================================
Received Import Request.
  Time since last request: 0.000142 seconds.
  path: Assets/Blink/Art/Weapons/LowPoly/FreeRPGWeapons/Staff/Staff_Textures/Staff_Medium_BaseColor.png
  artifactKey: Guid(be6b3f66d99c2bf4cbfbf690a82bdcca) Importer(815301076,1909f56bfc062723c751e8b465ee728b)
Start importing Assets/Blink/Art/Weapons/LowPoly/FreeRPGWeapons/Staff/Staff_Textures/Staff_Medium_BaseColor.png using Guid(be6b3f66d99c2bf4cbfbf690a82bdcca) Importer(815301076,1909f56bfc062723c751e8b465ee728b)  -> (artifact id: 'bc60b19af9dbed8a52531f34a1fe0bba') in 0.015243 seconds 
  Import took 0.018019 seconds .

========================================================================
Received Import Request.
  Time since last request: 0.000188 seconds.
  path: Assets/Blink/Art/Weapons/LowPoly/FreeRPGWeapons/Staff/Staff_Textures
  artifactKey: Guid(8f89b053ecef2b04cb0e06c4ad989890) Importer(815301076,1909f56bfc062723c751e8b465ee728b)
Start importing Assets/Blink/Art/Weapons/LowPoly/FreeRPGWeapons/Staff/Staff_Textures using Guid(8f89b053ecef2b04cb0e06c4ad989890) Importer(815301076,1909f56bfc062723c751e8b465ee728b)  -> (artifact id: 'a9da7f08c4b4697f8b27c778b59b8889') in 0.003833 seconds 
  Import took 0.006398 seconds .

========================================================================
Received Import Request.
  Time since last request: 3.376978 seconds.
  path: Assets/EffectExamples/Blood/Materials
  artifactKey: Guid(996067857906b154bafb811f7ddfbe86) Importer(815301076,1909f56bfc062723c751e8b465ee728b)
Start importing Assets/EffectExamples/Blood/Materials using Guid(996067857906b154bafb811f7ddfbe86) Importer(815301076,1909f56bfc062723c751e8b465ee728b)  -> (artifact id: '71dccba984a5f0487cb373b294bf6630') in 0.010818 seconds 
  Import took 0.013835 seconds .

========================================================================
Received Import Request.
  Time since last request: 2.352200 seconds.
  path: Assets/EffectExamples/Editor
  artifactKey: Guid(865a9979c64e5da448aeed5e6d8b3de6) Importer(815301076,1909f56bfc062723c751e8b465ee728b)
Start importing Assets/EffectExamples/Editor using Guid(865a9979c64e5da448aeed5e6d8b3de6) Importer(815301076,1909f56bfc062723c751e8b465ee728b)  -> (artifact id: 'e448236bdee842f7229a4d806c4a0ecb') in 0.004655 seconds 
  Import took 0.007360 seconds .

========================================================================
Received Import Request.
  Time since last request: 1.086976 seconds.
  path: Assets/EffectExamples/Editor/PackageManagerAssembly
  artifactKey: Guid(d899c3023b28a9b4c9ea94e5ca4d892d) Importer(815301076,1909f56bfc062723c751e8b465ee728b)
Start importing Assets/EffectExamples/Editor/PackageManagerAssembly using Guid(d899c3023b28a9b4c9ea94e5ca4d892d) Importer(815301076,1909f56bfc062723c751e8b465ee728b)  -> (artifact id: '98be79cb3bbb2949566ba7983df58937') in 0.005165 seconds 
  Import took 0.008008 seconds .

========================================================================
Received Import Request.
  Time since last request: 11.820931 seconds.
  path: Assets/Prefabs/PT_Medieval_Male_NPC_Skeleton_01.prefab
  artifactKey: Guid(38283d0f2f9588c4a90e9a27a86fdbdc) Importer(815301076,1909f56bfc062723c751e8b465ee728b)
Start importing Assets/Prefabs/PT_Medieval_Male_NPC_Skeleton_01.prefab using Guid(38283d0f2f9588c4a90e9a27a86fdbdc) Importer(815301076,1909f56bfc062723c751e8b465ee728b)  -> (artifact id: '5ac6e8236baebb93260fbf51c955f7b4') in 0.063940 seconds 
  Import took 0.067231 seconds .

========================================================================
Received Prepare
Refreshing native plugins compatible for Editor in 4.46 ms, found 2 plugins.
Preloading 0 native plugins for Editor in 0.00 ms.
Unloading 17 Unused Serialized files (Serialized files now loaded: 0)
System memory in use before: 94.6 MB.
System memory in use after: 94.2 MB.

Unloading 18 unused Assets to reduce memory usage. Loaded Objects now: 2381.
Total: 3.945700 ms (FindLiveObjects: 0.337600 ms CreateObjectMapping: 0.050600 ms MarkObjects: 3.238300 ms  DeleteObjects: 0.318300 ms)

AssetImportParameters requested are different than current active one (requested -> active):
  custom:framework-win-MediaFoundation: 216162199b28c13a410421893ffa2e32 -> 
  custom:video-decoder-ogg-theora: a1e56fd34408186e4bbccfd4996cb3dc -> 
  custom:container-muxer-webm: aa71ff27fc2769a1b78a27578f13a17b -> 
  custom:container-demuxer-webm: 4f35f7cbe854078d1ac9338744f61a02 -> 
  custom:container-demuxer-ogg: 62fdf1f143b41e24485cea50d1cbac27 -> 
  custom:video-encoder-webm-vp8: eb34c28f22e8b96e1ab97ce403110664 -> 
  custom:video-decoder-webm-vp8: 9c59270c3fd7afecdb556c50c9e8de78 -> 
  custom:audio-decoder-ogg-vorbis: bf7c407c2cedff20999df2af8eb42d56 -> 
  custom:audio-encoder-webm-vorbis: bf7c407c2cedff20999df2af8eb42d56 -> 
AssetImportWorkerClient::OnTransportError - code=2 error=End of file
